<?xml version="1.0" encoding="UTF-8"?>
<!-- Generated by org.testng.reporters.JUnitReportReporter -->
<testsuite hostname="DESKTOP-KJ400B0" failures="0" tests="3" name="com.service.OperationTest" time="0.024" errors="0" timestamp="2022-11-06T20:32:09 IST" skipped="0">
  <testcase classname="com.service.OperationTest" name="mulTest" time="0.008"/>
  <system-out/>
  <testcase classname="com.service.OperationTest" name="addTest" time="0.008"/>
  <system-out/>
  <testcase classname="com.service.OperationTest" name="subTest" time="0.008"/>
  <system-out/>
</testsuite> <!-- com.service.OperationTest -->
