<?xml version="1.0" encoding="UTF-8"?>
<!-- Generated by org.testng.reporters.JUnitReportReporter -->
<testsuite hostname="DESKTOP-KJ400B0" failures="0" tests="4" name="com.service.PriorityTestFunction" time="0.009" errors="0" timestamp="2022-11-06T19:38:00 IST" skipped="0">
  <testcase classname="com.service.PriorityTestFunction" name="b" time="0.006"/>
  <system-out/>
  <testcase classname="com.service.PriorityTestFunction" name="d" time="0.001"/>
  <system-out/>
  <testcase classname="com.service.PriorityTestFunction" name="c" time="0.001"/>
  <system-out/>
  <testcase classname="com.service.PriorityTestFunction" name="a" time="0.001"/>
  <system-out/>
</testsuite> <!-- com.service.PriorityTestFunction -->
