<?xml version="1.0" encoding="UTF-8"?>
<!-- Generated by org.testng.reporters.JUnitReportReporter -->
<testsuite hostname="DESKTOP-KJ400B0" failures="0" tests="2" name="com.service.TestHookMethods" time="0.010" errors="0" timestamp="2022-11-06T20:32:09 IST" skipped="0">
  <testcase classname="com.service.TestHookMethods" name="test1" time="0.005"/>
  <system-out/>
  <testcase classname="com.service.TestHookMethods" name="test2" time="0.005"/>
  <system-out/>
</testsuite> <!-- com.service.TestHookMethods -->
