<?xml version="1.0" encoding="UTF-8"?>
<!-- Generated by org.testng.reporters.JUnitReportReporter -->
<testsuite hostname="DESKTOP-KJ400B0" failures="0" tests="5" name="com.service.EmployeeServiceTest" time="0.009" errors="0" timestamp="2022-11-05T22:53:18 IST" skipped="4">
  <testcase classname="com.service.EmployeeServiceTest" name="removeEmployeeTest" time="0.009"/>
  <system-out/>
  <testcase classname="com.service.EmployeeServiceTest" name="getAllEmployeeTest">
    <skipped/>
  </testcase> <!-- getAllEmployeeTest -->
  <system-out/>
  <testcase classname="com.service.EmployeeServiceTest" name="updateSalaryTest">
    <skipped/>
  </testcase> <!-- updateSalaryTest -->
  <system-out/>
  <testcase classname="com.service.EmployeeServiceTest" name="searchEmployeeTest">
    <skipped/>
  </testcase> <!-- searchEmployeeTest -->
  <system-out/>
  <testcase classname="com.service.EmployeeServiceTest" name="getEmployeeTest">
    <skipped/>
  </testcase> <!-- getEmployeeTest -->
  <system-out/>
</testsuite> <!-- com.service.EmployeeServiceTest -->
