<?xml version="1.0" encoding="UTF-8"?>
<!-- Generated by org.testng.reporters.JUnitReportReporter -->
<testsuite hostname="DESKTOP-KJ400B0" failures="0" tests="1" name="com.test.LoginPageTest" time="0.302" errors="0" timestamp="2022-11-06T23:18:10 IST" skipped="0">
  <testcase classname="com.test.LoginPageTest" name="loginPageTest" time="0.302"/>
  <system-out/>
</testsuite> <!-- com.test.LoginPageTest -->
