<?xml version="1.0" encoding="UTF-8"?>
<!-- Generated by org.testng.reporters.JUnitReportReporter -->
<testsuite hostname="DESKTOP-KJ400B0" failures="0" tests="1" name="com.test.GooglePageTest" time="4.804" errors="0" timestamp="2022-11-12T20:02:39 IST" skipped="0">
  <testcase classname="com.test.GooglePageTest" name="googlePageTest" time="4.804"/>
  <system-out/>
</testsuite> <!-- com.test.GooglePageTest -->
